[debug] ----------------------------------------------------------------------
[debug] Command:      /usr/local/Cellar/node/5.10.1/bin/node /usr/local/bin/firebase deploy
[debug] CLI Version:  3.0.7
[debug] Platform:     darwin
[debug] Node Version: v5.10.1
[debug] Time:         Tue Jan 31 2017 15:41:18 GMT-0700 (MST)
[debug] ----------------------------------------------------------------------
[debug] 
[debug] > command requires scopes: ["email","openid","https://www.googleapis.com/auth/cloudplatformprojects.readonly","https://www.googleapis.com/auth/firebase"]
[debug] >>> HTTP REQUEST GET https://admin.firebase.com/v1/projects/stellas-coffee 
[debug] <<< HTTP RESPONSE 200
[debug] >>> HTTP REQUEST GET https://admin.firebase.com/v1/database/stellas-coffee/tokens 
[debug] <<< HTTP RESPONSE 200
[info] 
[info] === Deploying to 'stellas-coffee'...
[info] 
[info] i  deploying database, hosting
[info] ✔  database: rules ready to deploy.
[info] i  hosting: preparing public directory for upload...
[debug] >>> HTTP REQUEST PUT https://deploy.firebase.com/v1/hosting/stellas-coffee/uploads/-Kbqg7EvE084r5O-nEHk?fileCount=20&message= 
[error] 
[error] Error: File upload failed: Storage error. Please try again. Failed to upload file "public/.sass-cache/a2812fdd053a4e63178f1d3913517fd1f276218d/Icon\r": Disallowed unicode characters present in object name '%s'
[debug] Error Context: {
  "duration": 107,
  "fileCount": 10,
  "ip": "75.71.142.183",
  "start": 1485902493947,
  "status": "failed",
  "statusMessage": "Storage error. Please try again. Failed to upload file \"public/.sass-cache/a2812fdd053a4e63178f1d3913517fd1f276218d/Icon\\r\": Disallowed unicode characters present in object name '%s'",
  "uid": "111349089704685772354",
  "uploadedCount": 0,
  "user": {
    "email": "wes.hediger@gmail.com",
    "gaiaId": "111349089704685772354",
    "image": "https://lh5.googleusercontent.com/-H2Lz1KxN0GY/AAAAAAAAAAI/AAAAAAAAAPc/KCncQZNw7-Y/photo.jpg"
  }
}
